
[03:51:46.754] ------------------------------
[03:51:46.757] MelonLoader v0.7.2-ci.2290 Open-Beta
[03:51:46.757] OS: Windows 10
[03:51:46.758] Hash Code: B93660EBC31BCEBB3E6213992D148F42F72085EEE7F91D8BAA78F07C3617F366
[03:51:46.758] ------------------------------
[03:51:46.758] Game Type: Il2cpp
[03:51:46.758] Game Arch: x64
[03:51:46.758] ------------------------------
[03:51:46.758] Command-Line: 
[03:51:46.758] ------------------------------
[03:51:46.758] Core::BasePath = C:\Program Files (x86)\Steam\steamapps\common\Revolution Idle
[03:51:46.759] Game::BasePath = C:\Program Files (x86)\Steam\steamapps\common\Revolution Idle
[03:51:46.760] Game::DataPath = C:\Program Files (x86)\Steam\steamapps\common\Revolution Idle\Revolution Idle_Data
[03:51:46.760] Game::ApplicationPath = C:\Program Files (x86)\Steam\steamapps\common\Revolution Idle\Revolution Idle.exe
[03:51:46.760] Runtime Type: net6
[03:51:46.809] ------------------------------
[03:51:46.809] Game Name: Revolution Idle
[03:51:46.809] Game Developer: Oni Gaming
[03:51:46.810] Unity Version: 2022.3.41f1
[03:51:46.811] Game Version: 1.034
[03:51:46.811] ------------------------------

[03:51:47.268] Preferences Loaded!

[03:51:47.278] Loading UserLibs...
[03:51:47.279] 0 UserLibs loaded.

[03:51:47.279] Loading Plugins...
[03:51:47.283] 0 Plugins loaded.

[03:51:47.611] Loading Il2CppAssemblyGenerator...
[03:51:47.641] [Il2CppAssemblyGenerator] Contacting RemoteAPI...
[03:51:48.396] [Il2CppAssemblyGenerator] Game Not Found on RemoteAPI Host (https://api.melonloader.com/api/v1/game/revolution-idle)
[03:51:48.397] [Il2CppAssemblyGenerator] RemoteAPI.DumperVersion = null
[03:51:48.397] [Il2CppAssemblyGenerator] RemoteAPI.ObfuscationRegex = null
[03:51:48.399] [Il2CppAssemblyGenerator] RemoteAPI.MappingURL = null
[03:51:48.399] [Il2CppAssemblyGenerator] RemoteAPI.MappingFileSHA512 = null
[03:51:48.402] [Il2CppAssemblyGenerator] Using Cpp2IL Version: 2022.1.0-pre-release.19
[03:51:48.402] [Il2CppAssemblyGenerator] Using Il2CppInterop Version = 1.5.0-ci.625+51abbdd5e95447d4450eb82bde1b77ecff3cea74
[03:51:48.403] [Il2CppAssemblyGenerator] Using Unity Dependencies Version = 2022.3.41
[03:51:48.404] [Il2CppAssemblyGenerator] Using Deobfuscation Regex = null
[03:51:48.405] [Il2CppAssemblyGenerator] Cpp2IL is up to date.
[03:51:48.405] [Il2CppAssemblyGenerator] Cpp2IL.Plugin.StrippedCodeRegSupport is up to date.
[03:51:48.405] [Il2CppAssemblyGenerator] UnityDependencies is up to date.
[03:51:48.405] [Il2CppAssemblyGenerator] Checking GameAssembly...
[03:51:48.466] [Il2CppAssemblyGenerator] Assembly is up to date. No Generation Needed.

[03:51:48.467] Loading Mods...
[03:51:48.468] 0 Mods loaded.

[03:51:49.095] [Il2CppInterop] Class::Init signatures have been exhausted, using a substitute!
[03:51:49.181] [Il2CppInterop] Registered mono type Il2CppInterop.Runtime.DelegateSupport+Il2CppToMonoDelegateReference in il2cpp domain
[03:51:49.202] [Il2CppInterop] Registered mono type MelonLoader.Support.MonoEnumeratorWrapper in il2cpp domain
[03:51:49.206] [Il2CppInterop] Registered mono type MelonLoader.Support.SM_Component in il2cpp domain
[03:51:49.210] Support Module Loaded: C:\Program Files (x86)\Steam\steamapps\common\Revolution Idle\MelonLoader\Dependencies\SupportModules\Il2Cpp.dll
